[FORENSIC] 2026-03-19T15:25:15.174Z | AI Calling: execute_sql_query | Args: {"query":"SELECT id FROM profil_pegawai WHERE nama_lengkap = 'Andini Saraswati'"}
[FORENSIC] 2026-03-19T15:25:15.202Z | Result from execute_sql_query: {"database_result":[{"id":4}]}...
[FORENSIC] 2026-03-19T15:25:16.795Z | AI Calling: execute_sql_query | Args: {"query":"SELECT id FROM master_tipe_kegiatan WHERE nama = 'DL Luar Bidang'"}
[FORENSIC] 2026-03-19T15:25:16.805Z | Result from execute_sql_query: {"database_result":[{"id":4}]}...
[FORENSIC] 2026-03-19T15:25:18.332Z | AI Calling: execute_sql_query | Args: {"query":"SELECT tanggal, keterangan, nama_kegiatan FROM kegiatan_harian_pegawai WHERE profil_pegawai_id = 4 AND tipe_kegiatan = 4 AND MONTH(tanggal) = 3 AND YEAR(tanggal) = 2026"}
[FORENSIC] 2026-03-19T15:25:18.342Z | Result from execute_sql_query: {"database_result":[{"tanggal":"2026-03-24T17:00:00.000Z","keterangan":"rapat TBC di bandung","nama_...
[FORENSIC] 2026-03-19T15:26:00.980Z | AI Calling: execute_sql_query | Args: {"query":"SELECT tanggal, keterangan, nama_kegiatan FROM kegiatan_harian_pegawai WHERE profil_pegawai_id IS NULL AND tipe_kegiatan = 'DL Luar Bidang / Undangan Luar' AND MONTH(tanggal) = 3 AND YEAR(tanggal) = 2026"}
[FORENSIC] 2026-03-19T15:26:01.000Z | Result from execute_sql_query: {"database_result":[]}...
[FORENSIC] 2026-03-19T15:34:22.990Z | AI Calling: execute_sql_query | Args: {"query":"SELECT tanggal, keterangan, nama_kegiatan FROM kegiatan_harian_pegawai WHERE profil_pegawai_id IS NULL AND tipe_kegiatan = 'DLB' AND MONTH(tanggal) = 3 AND YEAR(tanggal) = 2026"}
[FORENSIC] 2026-03-19T15:34:23.008Z | Result from execute_sql_query: {"database_result":[]}...
[FORENSIC] 2026-03-19T15:37:21.633Z | AI Calling: execute_sql_query | Args: {"query":"SELECT tanggal, keterangan FROM kegiatan_harian_pegawai WHERE profil_pegawai_id IS NULL AND tipe_kegiatan = 'DLB' AND MONTH(tanggal) = 3 AND YEAR(tanggal) = 2026"}
[FORENSIC] 2026-03-19T15:37:21.646Z | Result from execute_sql_query: {"database_result":[]}...
[FORENSIC] 2026-03-19T15:37:43.130Z | AI Calling: execute_sql_query | Args: {"query":"SELECT tanggal, keterangan FROM kegiatan_harian_pegawai WHERE profil_pegawai_id IS NULL AND tipe_kegiatan = 'DLB' AND MONTH(tanggal) = 3 AND YEAR(tanggal) = 2026"}
[FORENSIC] 2026-03-19T15:37:43.143Z | Result from execute_sql_query: {"database_result":[]}...
[FORENSIC] 2026-03-19T15:38:08.421Z | AI Calling: execute_sql_query | Args: {"query":"SELECT tanggal, keterangan, nama_kegiatan FROM kegiatan_harian_pegawai WHERE profil_pegawai_id IS NULL AND tipe_kegiatan = 'DLB' AND MONTH(tanggal) = 3 AND YEAR(tanggal) = 2026"}
[FORENSIC] 2026-03-19T15:38:08.431Z | Result from execute_sql_query: {"database_result":[]}...
[FORENSIC] 2026-03-19T15:38:55.428Z | AI Calling: execute_sql_query | Args: {"query":"SELECT * FROM kegiatan_harian_pegawai WHERE profil_pegawai_id IS NULL AND tipe_kegiatan = 'DLB' AND MONTH(tanggal) = 3 AND YEAR(tanggal) = 2026;"}
[FORENSIC] 2026-03-19T15:38:55.438Z | Result from execute_sql_query: {"database_result":[]}...
[FORENSIC] 2026-03-19T15:42:48.123Z | AI Calling: execute_sql_query | Args: {"query":"SELECT * FROM kegiatan_harian_pegawai WHERE profil_pegawai_id IS NULL AND tipe_kegiatan = 'DLB' AND MONTH(tanggal) = 3 AND YEAR(tanggal) = 2026;"}
[FORENSIC] 2026-03-19T15:42:48.133Z | Result from execute_sql_query: {"database_result":[]}...
[AUDIT_RUNTIME] Profil ID undefined | Data Count: 0 | Data: []
[FORENSIC] 2026-03-19T16:13:10.488Z | AI Calling: execute_sql_query | Args: {"query":"SELECT * FROM kegiatan_harian_pegawai WHERE profil_pegawai_id IS NULL AND tipe_kegiatan = 'DLB' AND MONTH(tanggal) = 3 AND YEAR(tanggal) = 2026"}
[INTERCEPTOR] 2026-03-19T16:13:10.488Z | Original: SELECT * FROM kegiatan_harian_pegawai WHERE profil_pegawai_id IS NULL AND tipe_kegiatan = 'DLB' AND MONTH(tanggal) = 3 AND YEAR(tanggal) = 2026 | Fixed: SELECT * FROM kegiatan_harian_pegawai WHERE profil_pegawai_id = null AND tipe_kegiatan = 'DLB' AND MONTH(tanggal) = 3 AND YEAR(tanggal) = 2026
[FORENSIC] 2026-03-19T16:13:10.544Z | Result from execute_sql_query: {"database_result":[]}...
[AUDIT_RUNTIME] Profil ID undefined | Data Count: 0 | Data: []
[AUDIT_RUNTIME] Profil ID undefined | Data Count: 0 | Data: []
[AUDIT_RUNTIME] Profil ID undefined | Data Count: 0 | Data: []
[AUDIT_RUNTIME] Profil ID undefined | Data Count: 0 | Data: []
[AUDIT_RUNTIME] Profil ID undefined | Data Count: 0 | Data: []
[AUDIT_RUNTIME] Profil ID undefined | Data Count: 0 | Data: []
[AUDIT_RUNTIME] Profil ID undefined | Data Count: 0 | Data: []
[AUDIT_RUNTIME] Profil ID undefined | Data Count: 0 | Data: []
[AUDIT_RUNTIME] Profil ID undefined | Data Count: 0 | Data: []
[AUDIT_RUNTIME] Profil ID undefined | Data Count: 0 | Data: []
[AUDIT_RUNTIME] Profil ID undefined | Data Count: 0 | Data: []
[AUDIT_RUNTIME] Profil ID undefined | Data Count: 0 | Data: []
[AUDIT_RUNTIME] Profil ID undefined | Data Count: 0 | Data: []
[FORENSIC] 2026-03-22T16:49:52.025Z | AI Calling: search_internet | Args: {"query":"IPM Kabupaten Bogor dan Provinsi Jawa Barat BPS"}
[FORENSIC] 2026-03-22T16:49:52.966Z | Result from search_internet: {"internet_result":{"query_used":"IPM Kabupaten Bogor dan Provinsi Jawa Barat BPS","top_results":[],...
[AUDIT_RUNTIME] Profil ID undefined | Data Count: 0 | Data: []
[FORENSIC] 2026-03-22T17:04:05.482Z | AI Calling: search_internet | Args: {"query":"siapa Elon Musk"}
[FORENSIC] 2026-03-22T17:04:05.559Z | Result from search_internet: {"internet_result":{"error":"Internet Timeout/Diblokir (Disarankan berlangganan SerpApi resmi untuk ...
[AUDIT_RUNTIME] Profil ID undefined | Data Count: 0 | Data: []
[FORENSIC] 2026-03-22T17:06:29.332Z | AI Calling: search_internet | Args: {"query":"siapa Elon Musk"}
[FORENSIC] 2026-03-22T17:06:29.431Z | Result from search_internet: {"internet_result":{"error":"Terjadi kesalahan koneksi internet: fetch failed"}}...
[AUDIT_RUNTIME] Profil ID undefined | Data Count: 0 | Data: []
[FORENSIC] 2026-03-22T17:12:18.370Z | AI Calling: search_internet | Args: {"query":"siapa elon musk"}
[FORENSIC] 2026-03-22T17:12:18.705Z | Result from search_internet: {"internet_result":{"query_used":"siapa elon musk","sumber":"Bing Search Engine","top_results":"Data...
[AUDIT_RUNTIME] Profil ID undefined | Data Count: 0 | Data: []
[FORENSIC] 2026-03-22T17:12:47.278Z | AI Calling: search_internet | Args: {"query":"siapa elon musk"}
[FORENSIC] 2026-03-22T17:12:47.510Z | Result from search_internet: {"internet_result":{"query_used":"siapa elon musk","sumber":"Bing Search Engine","top_results":"Data...
[AUDIT_RUNTIME] Profil ID undefined | Data Count: 0 | Data: []
[FORENSIC] 2026-03-22T17:15:23.616Z | AI Calling: search_internet | Args: {"query":"siapa elon musk?"}
[FORENSIC] 2026-03-22T17:15:23.904Z | Result from search_internet: {"internet_result":{"query_used":"siapa elon musk?","sumber":"Bing Search Engine","top_results":[{"i...
[AUDIT_RUNTIME] Profil ID undefined | Data Count: 0 | Data: []
[AUDIT_RUNTIME] Profil ID undefined | Data Count: 0 | Data: []
[AUDIT_RUNTIME] Profil ID undefined | Data Count: 0 | Data: []
[AUDIT_RUNTIME] Profil ID undefined | Data Count: 0 | Data: []
[AUDIT_RUNTIME] Profil ID undefined | Data Count: 0 | Data: []
[AUDIT_RUNTIME] Profil ID undefined | Data Count: 0 | Data: []
[AUDIT_RUNTIME] Profil ID undefined | Data Count: 0 | Data: []
[FORENSIC] 2026-03-22T17:32:28.598Z | AI Calling: search_internet | Args: {"query":"data IPM dan kemiskinan Kota Bogor 2017-2025"}
[FORENSIC] 2026-03-22T17:32:29.867Z | Result from search_internet: {"internet_result":{"query_used":"data IPM dan kemiskinan Kota Bogor 2017-2025","sumber":"Bing Searc...
[FORENSIC] 2026-03-22T17:32:32.183Z | AI Calling: search_internet | Args: {"query":"IPM Kota Bogor BPS 2017-2025"}
[FORENSIC] 2026-03-22T17:32:32.434Z | Result from search_internet: {"internet_result":{"query_used":"IPM Kota Bogor BPS 2017-2025","sumber":"Bing Search Engine","top_r...
[FORENSIC] 2026-03-22T17:32:34.854Z | AI Calling: search_internet | Args: {"query":"Indeks Pembangunan Manusia Kota Bogor data BPS"}
[FORENSIC] 2026-03-22T17:32:35.150Z | Result from search_internet: {"internet_result":{"query_used":"Indeks Pembangunan Manusia Kota Bogor data BPS","sumber":"Bing Sea...
[AUDIT_RUNTIME] Profil ID undefined | Data Count: 0 | Data: []
[FORENSIC] 2026-03-22T17:32:59.641Z | AI Calling: search_internet | Args: {"query":"Elon Musk"}
[FORENSIC] 2026-03-22T17:32:59.974Z | Result from search_internet: {"internet_result":{"query_used":"Elon Musk","sumber":"Bing Search Engine","top_results":[{"informas...
[AUDIT_RUNTIME] Profil ID undefined | Data Count: 0 | Data: []
[FORENSIC] 2026-03-22T17:33:30.028Z | AI Calling: search_internet | Args: {"query":"penyebab utama tbc"}
[FORENSIC] 2026-03-22T17:33:30.348Z | Result from search_internet: {"internet_result":{"query_used":"penyebab utama tbc","sumber":"Bing Search Engine","top_results":[{...
[AUDIT_RUNTIME] Profil ID undefined | Data Count: 0 | Data: []
[FORENSIC] 2026-03-22T17:33:56.036Z | AI Calling: search_internet | Args: {"query":"penyebab utama tuberkulosis"}
[FORENSIC] 2026-03-22T17:33:56.326Z | Result from search_internet: {"internet_result":{"query_used":"penyebab utama tuberkulosis","sumber":"Bing Search Engine","top_re...
[AUDIT_RUNTIME] Profil ID undefined | Data Count: 0 | Data: []
[FORENSIC] 2026-03-22T17:34:23.482Z | AI Calling: search_internet | Args: {"query":"pendiri toyota"}
[FORENSIC] 2026-03-22T17:34:23.800Z | Result from search_internet: {"internet_result":{"query_used":"pendiri toyota","sumber":"Bing Search Engine","top_results":[{"inf...
[AUDIT_RUNTIME] Profil ID undefined | Data Count: 0 | Data: []
[FORENSIC] 2026-03-22T17:37:29.225Z | AI Calling: search_internet | Args: {"query":"penyebab utama tuberkulosis"}
[FORENSIC] 2026-03-22T17:37:29.611Z | Result from search_internet: {"internet_result":{"query_used":"penyebab utama tuberkulosis","sumber":"Bing Raw Text Extract","top...
[AUDIT_RUNTIME] Profil ID undefined | Data Count: 0 | Data: []
[FORENSIC] 2026-03-22T17:37:52.484Z | AI Calling: search_internet | Args: {"query":"siapa prabu siliwangi"}
[FORENSIC] 2026-03-22T17:37:52.825Z | Result from search_internet: {"internet_result":{"query_used":"siapa prabu siliwangi","sumber":"Bing Raw Text Extract","top_resul...
[AUDIT_RUNTIME] Profil ID undefined | Data Count: 0 | Data: []
[FORENSIC] 2026-03-22T17:42:23.878Z | AI Calling: search_internet | Args: {"query":"penyebab utama tuberkulosis"}
[FORENSIC] 2026-03-22T17:42:24.282Z | Result from search_internet: {"internet_result":{"query_used":"penyebab utama tuberkulosis","sumber":"Bing Raw Text Extract (Targ...
[AUDIT_RUNTIME] Profil ID undefined | Data Count: 0 | Data: []
[FORENSIC] 2026-03-22T17:42:48.519Z | AI Calling: search_internet | Args: {"query":"siapa prabu siliwangi"}
[FORENSIC] 2026-03-22T17:42:48.844Z | Result from search_internet: {"internet_result":{"query_used":"siapa prabu siliwangi","sumber":"Bing Raw Text Extract (Targeted)"...
[AUDIT_RUNTIME] Profil ID undefined | Data Count: 0 | Data: []
[FORENSIC] 2026-03-22T17:43:06.434Z | AI Calling: search_internet | Args: {"query":"kapan kabupaten bogor didirikan"}
[FORENSIC] 2026-03-22T17:43:06.751Z | Result from search_internet: {"internet_result":{"query_used":"kapan kabupaten bogor didirikan","sumber":"Bing Raw Text Extract (...
[AUDIT_RUNTIME] Profil ID undefined | Data Count: 0 | Data: []
[FORENSIC] 2026-03-22T17:43:18.022Z | AI Calling: search_internet | Args: {"query":"siapa bill gates"}
[FORENSIC] 2026-03-22T17:43:18.296Z | Result from search_internet: {"internet_result":{"query_used":"siapa bill gates","sumber":"Bing Raw Text Extract (Targeted)","top...
[AUDIT_RUNTIME] Profil ID undefined | Data Count: 0 | Data: []
[FORENSIC] 2026-03-22T17:49:20.364Z | AI Calling: search_internet | Args: {"query":"siapa Bill Gates"}
[FORENSIC] 2026-03-22T17:49:20.627Z | Result from search_internet: {"internet_result":{"query_used":"siapa Bill Gates","sumber":"Bing Raw Text Extract (Body Content)",...
[AUDIT_RUNTIME] Profil ID undefined | Data Count: 0 | Data: []
[FORENSIC] 2026-03-22T17:49:40.632Z | AI Calling: search_internet | Args: {"query":"penyebab utama tbc"}
[FORENSIC] 2026-03-22T17:49:40.873Z | Result from search_internet: {"internet_result":{"query_used":"penyebab utama tbc","sumber":"Bing Raw Text Extract (Body Content)...
[AUDIT_RUNTIME] Profil ID undefined | Data Count: 0 | Data: []
[FORENSIC] 2026-03-22T17:51:25.933Z | AI Calling: search_internet | Args: {"query":"siapa Bill Gates"}
[FORENSIC] 2026-03-22T17:51:26.206Z | Result from search_internet: {"internet_result":{"query_used":"siapa Bill Gates","sumber":"Bing Raw Text Extract (Body Content)",...
[AUDIT_RUNTIME] Profil ID undefined | Data Count: 0 | Data: []
[FORENSIC] 2026-03-22T17:55:20.763Z | AI Calling: search_internet | Args: {"query":"siapa Bill Gates"}
[FORENSIC] 2026-03-22T17:55:21.460Z | Result from search_internet: {"internet_result":{"query_used":"siapa Bill Gates","sumber":"Polyglot Search (Wikipedia API + Bing ...
[AUDIT_RUNTIME] Profil ID undefined | Data Count: 0 | Data: []
[FORENSIC] 2026-03-22T17:55:46.600Z | AI Calling: search_internet | Args: {"query":"penyebab utama tbc"}
[FORENSIC] 2026-03-22T17:55:47.279Z | Result from search_internet: {"internet_result":{"query_used":"penyebab utama tbc","sumber":"Polyglot Search (Wikipedia API + Bin...
[FORENSIC] 2026-03-22T17:55:48.965Z | AI Calling: search_internet | Args: {"query":"bakteri penyebab tbc"}
[FORENSIC] 2026-03-22T17:55:49.563Z | Result from search_internet: {"internet_result":{"query_used":"bakteri penyebab tbc","sumber":"Polyglot Search (Wikipedia API + B...
[AUDIT_RUNTIME] Profil ID undefined | Data Count: 0 | Data: []
[FORENSIC] 2026-03-22T17:56:30.462Z | AI Calling: search_internet | Args: {"query":"faktor risiko seseorang mudah terkena tbc"}
[FORENSIC] 2026-03-22T17:56:31.139Z | Result from search_internet: {"internet_result":{"query_used":"faktor risiko seseorang mudah terkena tbc","sumber":"Polyglot Sear...
[AUDIT_RUNTIME] Profil ID undefined | Data Count: 0 | Data: []
[FORENSIC] 2026-03-22T17:57:31.768Z | AI Calling: search_internet | Args: {"query":"kaitan TBC dengan kemiskinan dan IPM"}
[FORENSIC] 2026-03-22T17:57:32.442Z | Result from search_internet: {"internet_result":{"query_used":"kaitan TBC dengan kemiskinan dan IPM","sumber":"Polyglot Search (W...
[AUDIT_RUNTIME] Profil ID undefined | Data Count: 0 | Data: []
[FORENSIC] 2026-03-22T17:58:38.013Z | AI Calling: search_internet | Args: {"query":"kepala bapperida kabupaten bogor saat ini"}
[FORENSIC] 2026-03-22T17:58:38.618Z | Result from search_internet: {"internet_result":{"query_used":"kepala bapperida kabupaten bogor saat ini","sumber":"Polyglot Sear...
[AUDIT_RUNTIME] Profil ID undefined | Data Count: 0 | Data: []
[FORENSIC] 2026-03-22T17:58:52.691Z | AI Calling: execute_sql_query | Args: {"query":"SELECT id FROM master_jabatan WHERE jabatan LIKE '%Kepala%'"}
[FORENSIC] 2026-03-22T17:58:52.718Z | Result from execute_sql_query: {"database_result":[{"id":8},{"id":12},{"id":13},{"id":16},{"id":18}]}...
[FORENSIC] 2026-03-22T17:58:54.593Z | AI Calling: execute_sql_query | Args: {"query":"SELECT id FROM master_jabatan WHERE jabatan = 'Kepala'"}
[FORENSIC] 2026-03-22T17:58:54.607Z | Result from execute_sql_query: {"database_result":[{"id":8}]}...
[FORENSIC] 2026-03-22T17:58:55.741Z | AI Calling: execute_sql_query | Args: {"query":"SELECT id FROM master_instansi_daerah WHERE instansi = 'Badan Perencanaan Pembangunan dan Riset Daerah'"}
[FORENSIC] 2026-03-22T17:58:55.750Z | Result from execute_sql_query: {"database_result":[{"id":2}]}...
[FORENSIC] 2026-03-22T17:58:57.340Z | AI Calling: execute_sql_query | Args: {"query":"SELECT nama_lengkap FROM profil_pegawai WHERE jabatan_id = 8 AND instansi_id = 2"}
[FORENSIC] 2026-03-22T17:58:57.354Z | Result from execute_sql_query: {"database_result":[{"nama_lengkap":"Super Administrator"},{"nama_lengkap":"Dr. Bambam Setia Aji, S....
[AUDIT_RUNTIME] Profil ID undefined | Data Count: 0 | Data: []
[FORENSIC] 2026-03-23T06:30:03.716Z | AI Calling: execute_sql_query | Args: {"query":"SELECT pp.nama_lengkap, mj.jabatan, mbi.nama_bidang, msbi.nama_sub_bidang FROM profil_pegawai pp JOIN master_jabatan mj ON pp.jabatan_id = mj.id JOIN master_bidang_instansi mbi ON pp.bidang_id = mbi.id LEFT JOIN master_sub_bidang_instansi msbi ON pp.sub_bidang_id = msbi.id WHERE pp.nama_lengkap LIKE '%Sammy Lugina%' AND pp.instansi_id = 2"}
[FORENSIC] 2026-03-23T06:30:03.732Z | Result from execute_sql_query: {"database_result":[{"nama_lengkap":"Sammy Lugina, S.E.","jabatan":"Fungsional","nama_bidang":"Pemer...
[AUDIT_RUNTIME] Profil ID undefined | Data Count: 0 | Data: []
[FORENSIC] 2026-03-23T07:52:39.303Z | AI Calling: execute_sql_query | Args: {"query":"SELECT tanggal, keterangan FROM kegiatan_harian_pegawai WHERE profil_pegawai_id IS NULL AND tipe_kegiatan = 'DLB' AND MONTH(tanggal) = 3 AND YEAR(tanggal) = 2026"}
[INTERCEPTOR] 2026-03-23T07:52:39.304Z | Original: SELECT tanggal, keterangan FROM kegiatan_harian_pegawai WHERE profil_pegawai_id IS NULL AND tipe_kegiatan = 'DLB' AND MONTH(tanggal) = 3 AND YEAR(tanggal) = 2026 | Fixed: SELECT tanggal, keterangan FROM kegiatan_harian_pegawai WHERE profil_pegawai_id = null AND tipe_kegiatan = 'DLB' AND MONTH(tanggal) = 3 AND YEAR(tanggal) = 2026
[FORENSIC] 2026-03-23T07:52:39.316Z | Result from execute_sql_query: {"database_result":[]}...
[AUDIT_RUNTIME] Profil ID undefined | Data Count: 0 | Data: []
[FORENSIC] 2026-03-23T08:47:31.006Z | AI Calling: search_internet | Args: {"query":"siapa penemu komputer"}
[FORENSIC] 2026-03-23T08:47:32.294Z | Result from search_internet: {"internet_result":{"query_used":"siapa penemu komputer","sumber":"Polyglot Search (Wikipedia API + ...
[AUDIT_RUNTIME] Profil ID undefined | Data Count: 0 | Data: []
[FORENSIC] 2026-03-23T08:48:30.562Z | AI Calling: execute_sql_query | Args: {"query":"SELECT nama_lengkap, jabatan_id, bidang_id, sub_bidang_id FROM profil_pegawai WHERE nama_lengkap LIKE '%Sammy Lugina%' AND instansi_id = 2"}
[FORENSIC] 2026-03-23T08:48:30.572Z | Result from execute_sql_query: {"database_result":[{"nama_lengkap":"Sammy Lugina, S.E.","jabatan_id":20,"bidang_id":2,"sub_bidang_i...
[AUDIT_RUNTIME] Profil ID undefined | Data Count: 0 | Data: []
[AUDIT_RUNTIME] Profil ID undefined | Data Count: 0 | Data: []
[FORENSIC] 2026-03-23T08:49:37.120Z | AI Calling: execute_sql_query | Args: {"query":"SELECT pp.nama_lengkap, mj.jabatan, mbi.nama_bidang, msbi.nama_sub_bidang FROM profil_pegawai pp JOIN master_jabatan mj ON pp.jabatan_id = mj.id JOIN master_bidang_instansi mbi ON pp.bidang_id = mbi.id LEFT JOIN master_sub_bidang_instansi msbi ON pp.sub_bidang_id = msbi.id WHERE pp.nama_lengkap LIKE '%Sammy Lugina%' AND pp.instansi_id = 2"}
[FORENSIC] 2026-03-23T08:49:37.132Z | Result from execute_sql_query: {"database_result":[{"nama_lengkap":"Sammy Lugina, S.E.","jabatan":"Fungsional","nama_bidang":"Pemer...
[AUDIT_RUNTIME] Profil ID undefined | Data Count: 0 | Data: []
[FORENSIC] 2026-03-23T08:50:28.629Z | AI Calling: search_internet | Args: {"query":"Muflikha Mayazi"}
[FORENSIC] 2026-03-23T08:50:29.647Z | Result from search_internet: {"internet_result":{"query_used":"Muflikha Mayazi","sumber":"Polyglot Search (Wikipedia API + Bing S...
[AUDIT_RUNTIME] Profil ID undefined | Data Count: 0 | Data: []
[FORENSIC] 2026-03-23T08:53:33.988Z | AI Calling: execute_sql_query | Args: {"query":"\nSELECT\n    pp.nama_lengkap,\n    mj.jabatan,\n    mbi.nama_bidang AS bidang,\n    msbi.nama_sub_bidang AS sub_bidang\nFROM\n    profil_pegawai pp\nLEFT JOIN\n    master_jabatan mj ON pp.jabatan_id = mj.id\nLEFT JOIN\n    master_bidang_instansi mbi ON pp.bidang_id = mbi.id\nLEFT JOIN\n    master_sub_bidang_instansi msbi ON pp.sub_bidang_id = msbi.id\nWHERE\n    pp.nama_lengkap LIKE '%Gusti Landung Ar Rantissi%' AND pp.instansi_id = 2;\n"}
[FORENSIC] 2026-03-23T08:53:33.999Z | Result from execute_sql_query: {"database_result":[]}...
[AUDIT_RUNTIME] Profil ID undefined | Data Count: 0 | Data: []
[FORENSIC] 2026-03-23T08:53:47.590Z | AI Calling: search_internet | Args: {"query":"Gusti Landung Ar Rantissi"}
[FORENSIC] 2026-03-23T08:53:48.450Z | Result from search_internet: {"internet_result":{"query_used":"Gusti Landung Ar Rantissi","sumber":"Polyglot Search (Wikipedia AP...
[AUDIT_RUNTIME] Profil ID undefined | Data Count: 0 | Data: []
[AUDIT_RUNTIME] Profil ID undefined | Data Count: 0 | Data: []
[FORENSIC] 2026-03-23T08:55:08.586Z | AI Calling: search_internet | Args: {"query":"tata laksana terbaru acute coronary syndrome guidelines"}
[FORENSIC] 2026-03-23T08:55:09.375Z | Result from search_internet: {"internet_result":{"query_used":"tata laksana terbaru acute coronary syndrome guidelines","sumber":...
[AUDIT_RUNTIME] Profil ID undefined | Data Count: 0 | Data: []
[AUDIT_RUNTIME] Profil ID undefined | Data Count: 0 | Data: []
[FORENSIC] 2026-03-23T08:57:58.364Z | AI Calling: search_internet | Args: {"query":"Acute Coronary Syndrome"}
[FORENSIC] 2026-03-23T08:57:59.639Z | Result from search_internet: {"internet_result":{"query_used":"Acute Coronary Syndrome","sumber":"Polyglot Search (Wikipedia API ...
[AUDIT_RUNTIME] Profil ID undefined | Data Count: 0 | Data: []
[AUDIT_RUNTIME] Profil ID undefined | Data Count: 0 | Data: []
[AUDIT_RUNTIME] Profil ID undefined | Data Count: 0 | Data: []
[FORENSIC] 2026-03-23T09:16:18.988Z | AI Calling: execute_sql_query | Args: {"query":"SELECT id FROM master_jabatan WHERE jabatan = 'Kepala Bidang'"}
[FORENSIC] 2026-03-23T09:16:19.042Z | Result from execute_sql_query: {"database_result":[{"id":12}]}...
[FORENSIC] 2026-03-23T09:16:20.607Z | AI Calling: execute_sql_query | Args: {"query":"SELECT id FROM master_bidang_instansi WHERE nama_bidang = 'Pemerintahan dan Pembangunan Manusia' AND instansi_id = 2"}
[FORENSIC] 2026-03-23T09:16:20.617Z | Result from execute_sql_query: {"database_result":[{"id":2}]}...
[FORENSIC] 2026-03-23T09:16:23.114Z | AI Calling: execute_sql_query | Args: {"query":"SELECT nama_lengkap FROM profil_pegawai WHERE instansi_id = 2 AND jabatan_id = 12 AND bidang_id = 2"}
[FORENSIC] 2026-03-23T09:16:23.163Z | Result from execute_sql_query: {"database_result":[{"nama_lengkap":"Tika Mustika Effendi, St, M.sc"}]}...
[AUDIT_RUNTIME] Profil ID undefined | Data Count: 0 | Data: []
[FORENSIC] 2026-03-23T09:17:29.316Z | AI Calling: execute_sql_query | Args: {"query":"SELECT pp.nama_lengkap FROM profil_pegawai pp JOIN master_bidang_instansi mbi ON pp.bidang_id = mbi.id JOIN master_jabatan mj ON pp.jabatan_id = mj.id WHERE pp.instansi_id = 2 AND mbi.nama_bidang = 'Pemerintahan dan Pembangunan Manusia' AND mj.jabatan = 'Ketua Tim';"}
[FORENSIC] 2026-03-23T09:17:29.327Z | Result from execute_sql_query: {"database_result":[{"nama_lengkap":"Rubidiyanti Dominica, S.p., M.e."},{"nama_lengkap":"Ety Nurhaya...
[AUDIT_RUNTIME] Profil ID undefined | Data Count: 0 | Data: []
[AUDIT_RUNTIME] Profil ID undefined | Data Count: 0 | Data: []
[FORENSIC] 2026-03-23T09:28:58.831Z | AI Calling: generate_document | Args: {"content":"Resume Dokumen: Rencana Kerja Dinas Kesehatan Tahun 2024\n\nJudul Dokumen: Rencana Kerja Dinas Kesehatan Tahun 2024\nDasar Hukum: Peraturan Bupati Bogor Nomor 35 Tahun 2023 tentang Rencana Kerja Perangkat Daerah Kabupaten Bogor Tahun 2024.\n\nMaksud dan Tujuan:\nDokumen ini berfungsi sebagai pedoman dalam penyusunan Rencana Kegiatan dan Anggaran, panduan perumusan target kinerja, sumber informasi publik mengenai program dan kegiatan Dinas Kesehatan tahun 2024, serta panduan penyusunan rincian belanja.\n\nEvaluasi Kinerja Tahun 2022:\nRealisasi Anggaran: Dari target Rp 2.114.385.929.720,- terealisasi Rp 1.998.040.567.298,- (94,50%), dengan rata-rata capaian 88,38% (predikat kinerja tinggi).\nCapaian Indikator Kinerja Utama (IKU):\nIndeks Keluarga Sehat: 24,56% (kategori kurang).\nCakupan Layanan Kesehatan Masyarakat: 101,54% (kategori sangat baik).\nTingkat Layanan Rumah Sakit: 99,24% (kategori baik).\nCakupan Jaminan Kesehatan: 104,64% (kategori baik).\nCapaian Standar Pelayanan Minimal (SPM): Dari 12 indikator SPM Bidang Kesehatan, 50% mencapai target dan 50% belum mencapai target, dengan rata-rata capaian 99,76%.\n\nIsu-Isu Strategis Utama (Berdasarkan Evaluasi):\nKematian Ibu dan Bayi: Masih tinggi, disebabkan kurangnya SDM terlatih dan keterlambatan pengambilan keputusan di tingkat keluarga.\nGizi Balita: Masih bermasalah (gizi buruk, stunting), karena belum meratanya tenaga pelaksana gizi, rendahnya pengetahuan keluarga, dan pemantauan tumbuh kembang yang belum optimal.\nKualitas Kesehatan Lingkungan: Rendahnya desa ODF (Open Defecation Free), rendahnya penerapan perilaku hidup bersih dan sehat, serta kondisi sanitasi yang belum memenuhi syarat.\nPenyakit Menular dan Tidak Menular: Tingginya prevalensi HIV/AIDS dan TB, risiko KLB, serta peningkatan penderita hipertensi, gangguan jiwa, diabetes, dan penyakit jantung/pembuluh darah.\nPelayanan Kesehatan: Belum optimalnya pelayanan di pustu (kerusakan bangunan, kurangnya tenaga kesehatan) dan rumah sakit (kurangnya jenis pelayanan, SDM tidak kompeten).\nCakupan Jaminan Kesehatan Universal (UHC): Belum tercapai, disebabkan rendahnya pemahaman masyarakat dan kurangnya komitmen pemangku kepentingan.\nSumber Daya Manusia Kesehatan: Kekurangan tenaga kesehatan (dokter, perawat, bidan), standar ketenagaan belum terpenuhi, keterbatasan pembiayaan pemerintah daerah, dan kurangnya tenaga spesialis di RS pemerintah.\nKetersediaan Farmasi dan Alat Kesehatan: Ketersediaan obat program dan vaksin masih tergantung droping dari Kementerian Kesehatan, serta keterbatasan anggaran untuk alat kesehatan di puskesmas.\n\nKeterkaitan Kebijakan (Tahun 2024):\nNasional: Tema RKP 2024 \"Mempercepat Transformasi Ekonomi yang Inklusif dan Berkelanjutan\", dengan prioritas bidang kesehatan \"Meningkatkan sumber daya manusia berkualitas dan berdaya saing\".\nProvinsi Jawa Barat: Tema \"Melanjutkan Kemandirian Masyarakat Jawa Barat\", dengan prioritas bidang kesehatan \"Reformasi Sistem Kesehatan Daerah\".\nKabupaten Bogor: Misi ke-Satu \"Mewujudkan masyarakat yang berkualitas, dengan tujuan: Terwujudnya masyarakat Bogor Sehat\", dengan prioritas bidang kesehatan \"meningkatkan kualitas kesehatan masyarakat\".\n\nProgram, Kegiatan, dan Sub Kegiatan Tahun 2024:\nTotal anggaran Rp 1.910.847.405.425,- terbagi dalam 5 Program, 24 Kegiatan, dan 104 Sub Kegiatan, yang dilaksanakan oleh Dinas Kesehatan, Puskesmas, Labkesda, Pusyankesja, dan 4 RSUD (Cibinong, Ciawi, Leuwiliang, Cileungsi).\n\nRincian Anggaran per Entitas:\nDinas Kesehatan: Rp 939.445.896.806,- (5 Program, 24 Kegiatan, 95 Sub Kegiatan)\nRSUD Cibinong: Rp 291.652.355.095,- (3 Program, 11 Kegiatan, 30 Sub Kegiatan)\nRSUD Ciawi: Rp 320.761.401.688,- (3 Program, 11 Kegiatan, 33 Sub Kegiatan)\nRSUD Leuwiliang: Rp 186.646.349.878,- (3 Program, 13 Kegiatan, 32 Sub Kegiatan)\nRSUD Cileungsi: Rp 172.341.401.958,- (2 Program, 10 Kegiatan, 28 Sub Kegiatan)\n\nUsulan Kegiatan Fisik (POKIR dan Hibah) Tahun 2024:\nPembangunan Puskesmas: Revitalisasi Puskesmas Bojong (Klapanunggal), Bunar (Cigudeg), Sukamakmur, Sukadamai, Sukanegara, Pustu Bojong Kulur, Balekambang, Tajurhalang, Bojonggede, Sentul, Cijeruk, Leuwisadeng, Cihideung Udik.\nRehabilitasi dan Pemeliharaan Puskesmas: Pustu Pangradin (Jasinga), Argapura (Cigudeg), Lengis (Cijeruk), Pustu Sukawangi, Situ Udik, Tajur, Pustu Malasari, Sukaraja, Kemuning.\nPengadaan Prasarana dan Pendukung Fasilitas Pelayanan Kesehatan: Pemagaran Puskesmas Cijujung (Cibungbulang), Ciampea, Sentul (Babakan Madang), Pengadaan Lahan Puskesmas Ciderum (Caringin), Pemagaran Puskesmas Tajur, Pemagaran Puskesmas Cogreg.\nPengadaan Alat Kesehatan/Alat Penunjang Medik: Alat kesehatan, alat fogging, dan ambulance.","filename":"Resume_Renja_Dinas_Kesehatan_2024.pdf","format":"pdf"}
[FORENSIC] 2026-03-23T09:28:59.206Z | Result from generate_document: {"success":true,"download_url":"/uploads/exports/Resume_Renja_Dinas_Kesehatan_2024.pdf","message":"F...
[AUDIT_RUNTIME] Profil ID undefined | Data Count: 0 | Data: []
[FORENSIC] 2026-03-23T09:29:30.861Z | AI Calling: generate_document | Args: {"filename":"resume_renja_dinkes_2024","content":"Resume Dokumen: Rencana Kerja Dinas Kesehatan Tahun 2024\n\nJudul Dokumen: Rencana Kerja Dinas Kesehatan Tahun 2024\nDasar Hukum: Peraturan Bupati Bogor Nomor 35 Tahun 2023 tentang Rencana Kerja Perangkat Daerah Kabupaten Bogor Tahun 2024.\n\nMaksud dan Tujuan:\nDokumen ini berfungsi sebagai pedoman dalam penyusunan Rencana Kegiatan dan Anggaran, panduan perumusan target kinerja, sumber informasi publik mengenai program dan kegiatan Dinas Kesehatan tahun 2024, serta panduan penyusunan rincian belanja.\n\nEvaluasi Kinerja Tahun 2022:\n*   Realisasi Anggaran: Dari target Rp 2.114.385.929.720,- terealisasi Rp 1.998.040.567.298,- (94,50%), dengan rata-rata capaian 88,38% (predikat kinerja tinggi).\n*   Capaian Indikator Kinerja Utama (IKU):\n    *   Indeks Keluarga Sehat: 24,56% (kategori kurang).\n    *   Cakupan Layanan Kesehatan Masyarakat: 101,54% (kategori sangat baik).\n    *   Tingkat Layanan Rumah Sakit: 99,24% (kategori baik).\n    *   Cakupan Jaminan Kesehatan: 104,64% (kategori baik).\n*   Capaian Standar Pelayanan Minimal (SPM): Dari 12 indikator SPM Bidang Kesehatan, 50% mencapai target dan 50% belum mencapai target, dengan rata-rata capaian 99,76%.\n\nIsu-Isu Strategis Utama (Berdasarkan Evaluasi):\n1.  Kematian Ibu dan Bayi: Masih tinggi, disebabkan kurangnya SDM terlatih dan keterlambatan pengambilan keputusan di tingkat keluarga.\n2.  Gizi Balita: Masih bermasalah (gizi buruk, stunting), karena belum meratanya tenaga pelaksana gizi, rendahnya pengetahuan keluarga, dan pemantauan tumbuh kembang yang belum optimal.\n3.  Kualitas Kesehatan Lingkungan: Rendahnya desa ODF (Open Defecation Free), rendahnya penerapan perilaku hidup bersih dan sehat, serta kondisi sanitasi yang belum memenuhi syarat.\n4.  Penyakit Menular dan Tidak Menular: Tingginya prevalensi HIV/AIDS dan TB, risiko KLB, serta peningkatan penderita hipertensi, gangguan jiwa, diabetes, dan penyakit jantung/pembuluh darah.\n5.  Pelayanan Kesehatan: Belum optimalnya pelayanan di pustu (kerusakan bangunan, kurangnya tenaga kesehatan) dan rumah sakit (kurangnya jenis pelayanan, SDM tidak kompeten).\n6.  Cakupan Jaminan Kesehatan Universal (UHC): Belum tercapai, disebabkan rendahnya pemahaman masyarakat dan kurangnya komitmen pemangku kepentingan.\n7.  Sumber Daya Manusia Kesehatan: Kekurangan tenaga kesehatan (dokter, perawat, bidan), standar ketenagaan belum terpenuhi, keterbatasan pembiayaan pemerintah daerah, dan kurangnya tenaga spesialis di RS pemerintah.\n8.  Ketersediaan Farmasi dan Alat Kesehatan: Ketersediaan obat program dan vaksin masih tergantung droping dari Kementerian Kesehatan, serta keterbatasan anggaran untuk alat kesehatan di puskesmas.\n\nKeterkaitan Kebijakan (Tahun 2024):\n*   Nasional: Tema RKP 2024 \"Mempercepat Transformasi Ekonomi yang Inklusif dan Berkelanjutan\", dengan prioritas bidang kesehatan \"Meningkatkan sumber daya manusia berkualitas dan berdaya saing\".\n*   Provinsi Jawa Barat: Tema \"Melanjutkan Kemandirian Masyarakat Jawa Barat\", dengan prioritas bidang kesehatan \"Reformasi Sistem Kesehatan Daerah\".\n*   Kabupaten Bogor: Misi ke-Satu \"Mewujudkan masyarakat yang berkualitas, dengan tujuan: Terwujudnya masyarakat Bogor Sehat\", dengan prioritas bidang kesehatan \"meningkatkan kualitas kesehatan masyarakat\".\n\nProgram, Kegiatan, dan Sub Kegiatan Tahun 2024:\nTotal anggaran Rp 1.910.847.405.425,- terbagi dalam 5 Program, 24 Kegiatan, dan 104 Sub Kegiatan, yang dilaksanakan oleh Dinas Kesehatan, Puskesmas, Labkesda, Pusyankesja, dan 4 RSUD (Cibinong, Ciawi, Leuwiliang, Cileungsi).\n\nRincian Anggaran per Entitas:\n*   Dinas Kesehatan: Rp 939.445.896.806,- (5 Program, 24 Kegiatan, 95 Sub Kegiatan)\n*   RSUD Cibinong: Rp 291.652.355.095,- (3 Program, 11 Kegiatan, 30 Sub Kegiatan)\n*   RSUD Ciawi: Rp 320.761.401.688,- (3 Program, 11 Kegiatan, 33 Sub Kegiatan)\n*   RSUD Leuwiliang: Rp 186.646.349.878,- (3 Program, 13 Kegiatan, 32 Sub Kegiatan)\n*   RSUD Cileungsi: Rp 172.341.401.958,- (2 Program, 10 Kegiatan, 28 Sub Kegiatan)\n\nContoh Usulan Kegiatan Fisik (POKIR dan Hibah) Tahun 2024:\n*   Pembangunan Puskesmas: Revitalisasi Puskesmas Bojong (Klapanunggal), Bunar (Cigudeg), Sukamakmur, Sukadamai, Sukanegara, Pustu Bojong Kulur, Balekambang, Tajurhalang, Bojonggede, Sentul, Cijeruk, Leuwisadeng, Cihideung Udik.\n*   Rehabilitasi dan Pemeliharaan Puskesmas: Pustu Pangradin (Jasinga), Argapura (Cigudeg), Lengis (Cijeruk), Pustu Sukawangi, Situ Udik, Tajur, Pustu Malasari, Sukaraja, Kemuning.\n*   Pengadaan Prasarana dan Pendukung Fasilitas Pelayanan Kesehatan: Pemagaran Puskesmas Cijujung (Cibungbulang), Ciampea, Sentul (Babakan Madang), Pengadaan Lahan Puskesmas Ciderum (Caringin), Pemagaran Puskesmas Tajur, Pemagaran Puskesmas Cogreg.\n*   Pengadaan Alat Kesehatan/Alat Penunjang Medik: Alat kesehatan, alat fogging, dan ambulance.","format":"pdf"}
[FORENSIC] 2026-03-23T09:29:31.094Z | Result from generate_document: {"success":true,"download_url":"/uploads/exports/resume_renja_dinkes_2024.pdf","message":"File PDF b...
[AUDIT_RUNTIME] Profil ID undefined | Data Count: 0 | Data: []
[FORENSIC] 2026-03-23T09:34:06.288Z | AI Calling: generate_document | Args: {"content":"Resume dokumen Rencana Kerja Dinas Kesehatan Tahun 2024 mencakup tujuan strategis, program prioritas, dan indikator kinerja utama untuk periode tersebut. Dokumen ini menguraikan rencana aksi yang akan dilaksanakan oleh Dinas Kesehatan dalam upaya meningkatkan kualitas layanan kesehatan dan mencapai target pembangunan kesehatan daerah. Fokus utama meliputi peningkatan akses layanan kesehatan, pencegahan penyakit, promosi kesehatan, serta penguatan sistem kesehatan yang berkelanjutan. Dokumen ini juga memuat alokasi sumber daya dan kerangka waktu pelaksanaan untuk setiap program dan kegiatan yang direncanakan.","format":"pdf","filename":"Resume_Renja_Dinas_Kesehatan_2024_revisi"}
[FORENSIC] 2026-03-23T09:34:06.428Z | Result from generate_document: {"success":true,"download_url":"/uploads/exports/Resume_Renja_Dinas_Kesehatan_2024_revisi.pdf","mess...
[AUDIT_RUNTIME] Profil ID undefined | Data Count: 0 | Data: []
[FORENSIC] 2026-03-23T09:35:23.379Z | AI Calling: generate_document | Args: {"format":"pdf","filename":"Resume_Renja_Dinas_Kesehatan_Tahun_2024.pdf","content":"**Resume Rencana Kerja Dinas Kesehatan Tahun 2024**\n\nDokumen ini merupakan Rencana Kerja (Renja) Dinas Kesehatan Tahun 2024 yang disusun sebagai implementasi dari penyelenggaraan pemerintah Kabupaten Bogor, dengan fokus pada Reformasi Birokrasi. Renja ini menjabarkan Rencana Strategis (Renstra) Dinas Kesehatan Tahun 2024-2026 dan bersinergi dengan Rencana Kerja Pemerintah Daerah (RKPD) Kabupaten Bogor Tahun 2024, serta kebijakan pemerintah pusat dan Provinsi Jawa Barat.\n\n**Tujuan Utama:** Meningkatkan Kualitas Kesehatan.\n**Sasaran:** Meningkatnya akses dan kualitas pelayanan kesehatan.\n\n**Evaluasi Kinerja Tahun 2022:**\n*   **Capaian Anggaran:** Terealisasi 94,50% dari target, dengan rata-rata capaian 88,38% (predikat kinerja tinggi).\n*   **Capaian Kinerja Program:** Rata-rata capaian program (outcome) sebesar 105,50% (predikat kinerja sangat tinggi).\n*   **Capaian Kinerja Kegiatan:** Rata-rata capaian kegiatan (output/keluaran) sebesar 100% (predikat sangat tinggi).\n\n**Isu Strategis dan Prioritas:**\n*   **Kebijakan Nasional:** Mendukung tema RKP 2024 \"Mempercepat Transformasi Ekonomi yang Inklusif dan Berkelanjutan\", dengan prioritas pada peningkatan sumber daya manusia berkualitas dan berdaya saing di bidang kesehatan.\n*   **Arah Kebijakan Kesehatan:** Menyempurnakan program bantuan/jaminan sosial, meningkatkan pelayanan kesehatan menuju cakupan kesehatan semesta, pengendalian COVID-19, percepatan penurunan kematian ibu, dan percepatan penurunan stunting.\n*   **Isu Penting:** Masih adanya kasus kematian ibu/bayi, masalah status gizi balita, rendahnya kualitas kesehatan lingkungan, tingginya angka kesakitan penyakit menular/tidak menular, serta belum optimalnya pelayanan di pustu dan rumah sakit.\n\n**Program, Kegiatan, dan Anggaran Tahun 2024:**\nRenja 2024 terdiri dari 5 Program, 24 Kegiatan, dan 104 Sub Kegiatan dengan total anggaran sebesar **Rp 1.910.847.405.425,-**. Anggaran ini terbagi untuk Dinas Kesehatan, Puskesmas, Labkesda, Pusyankesja, dan 4 RSUD (RSUD Cibinong, RSUD Ciawi, RSUD Leuwiliang, dan RSUD Cileungsi).\n\n**Maksud dan Tujuan Dokumen:**\n*   Menjadi pedoman dalam penyusunan Rencana Kegiatan dan Anggaran.\n*   Menjadi panduan bagi Dinas Kesehatan dalam merumuskan target kinerja.\n*   Memberikan informasi publik terkait rencana program, kegiatan, dan sub kegiatan.\n*   Menjadi panduan dalam menyusun rincian belanja (KUA-PPAS, RKA, RAPBD).\n\nDokumen ini diharapkan menjadi acuan bagi semua pihak terkait untuk bersinergi dalam mencapai target kinerja Dinas Kesehatan."}
[FORENSIC] 2026-03-23T09:35:23.620Z | Result from generate_document: {"success":true,"download_url":"/uploads/exports/Resume_Renja_Dinas_Kesehatan_Tahun_2024.pdf","messa...
[AUDIT_RUNTIME] Profil ID 4 | Data Count: 4 | Data: [{"id":137,"tanggal":"2026-03-24T17:00:00.000Z","tipe_kegiatan":"DLB","nama_kegiatan":"Rapat Koordinasi Lintas Sektoral"},{"id":138,"tanggal":"2026-03-24T17:00:00.000Z","tipe_kegiatan":"DLB","nama_kegiatan":"Rapat Koordinasi Lintas Sektoral"},{"id":140,"tanggal":"2026-03-25T17:00:00.000Z","tipe_kegiatan":"DLB","nama_kegiatan":"Rapat Koordinasi Lintas Sektoral"},{"id":139,"tanggal":"2026-03-25T17:00:00.000Z","tipe_kegiatan":"DLB","nama_kegiatan":"Rapat Koordinasi Lintas Sektoral"}]
[FORENSIC] 2026-03-23T10:29:25.429Z | AI Calling: execute_sql_query | Args: {"query":"SELECT COUNT(*) FROM kegiatan_harian_pegawai WHERE profil_pegawai_id = 4 AND tipe_kegiatan = 'DLB' AND MONTH(tanggal) = 3 AND YEAR(tanggal) = 2026"}
[FORENSIC] 2026-03-23T10:29:25.443Z | Result from execute_sql_query: {"database_result":[{"COUNT(*)":4}]}...
[AUDIT_RUNTIME] Profil ID 4 | Data Count: 4 | Data: [{"id":137,"tanggal":"2026-03-24T17:00:00.000Z","tipe_kegiatan":"DLB","nama_kegiatan":"Rapat Koordinasi Lintas Sektoral"},{"id":138,"tanggal":"2026-03-24T17:00:00.000Z","tipe_kegiatan":"DLB","nama_kegiatan":"Rapat Koordinasi Lintas Sektoral"},{"id":140,"tanggal":"2026-03-25T17:00:00.000Z","tipe_kegiatan":"DLB","nama_kegiatan":"Rapat Koordinasi Lintas Sektoral"},{"id":139,"tanggal":"2026-03-25T17:00:00.000Z","tipe_kegiatan":"DLB","nama_kegiatan":"Rapat Koordinasi Lintas Sektoral"}]
[FORENSIC] 2026-03-23T10:29:49.954Z | AI Calling: execute_sql_query | Args: {"query":"SELECT COUNT(*) FROM kegiatan_harian_pegawai WHERE profil_pegawai_id = 4 AND tipe_kegiatan = 'DLB' AND MONTH(tanggal) = 3 AND YEAR(tanggal) = 2026"}
[FORENSIC] 2026-03-23T10:29:49.964Z | Result from execute_sql_query: {"database_result":[{"COUNT(*)":4}]}...
[AUDIT_RUNTIME] Profil ID 4 | Data Count: 4 | Data: [{"id":137,"tanggal":"2026-03-24T17:00:00.000Z","tipe_kegiatan":"DLB","nama_kegiatan":"Rapat Koordinasi Lintas Sektoral"},{"id":138,"tanggal":"2026-03-24T17:00:00.000Z","tipe_kegiatan":"DLB","nama_kegiatan":"Rapat Koordinasi Lintas Sektoral"},{"id":140,"tanggal":"2026-03-25T17:00:00.000Z","tipe_kegiatan":"DLB","nama_kegiatan":"Rapat Koordinasi Lintas Sektoral"},{"id":139,"tanggal":"2026-03-25T17:00:00.000Z","tipe_kegiatan":"DLB","nama_kegiatan":"Rapat Koordinasi Lintas Sektoral"}]
[FORENSIC] 2026-03-23T10:32:54.683Z | AI Calling: execute_sql_query | Args: {"query":"SELECT tanggal, keterangan, nama_kegiatan FROM kegiatan_harian_pegawai WHERE profil_pegawai_id = 4 AND tipe_kegiatan = 'DLB' AND MONTH(tanggal) = 3 AND YEAR(tanggal) = 2026"}
[FORENSIC] 2026-03-23T10:32:54.704Z | Result from execute_sql_query: {"database_result":[{"tanggal":"2026-03-24T17:00:00.000Z","keterangan":"rapat TBC di bandung","nama_...
[AUDIT_RUNTIME] Profil ID 4 | Data Count: 4 | Data: [{"id":137,"tanggal":"2026-03-24T17:00:00.000Z","tipe_kegiatan":"DLB","nama_kegiatan":"Rapat Koordinasi Lintas Sektoral"},{"id":138,"tanggal":"2026-03-24T17:00:00.000Z","tipe_kegiatan":"DLB","nama_kegiatan":"Rapat Koordinasi Lintas Sektoral"},{"id":140,"tanggal":"2026-03-25T17:00:00.000Z","tipe_kegiatan":"DLB","nama_kegiatan":"Rapat Koordinasi Lintas Sektoral"},{"id":139,"tanggal":"2026-03-25T17:00:00.000Z","tipe_kegiatan":"DLB","nama_kegiatan":"Rapat Koordinasi Lintas Sektoral"}]
[FORENSIC] 2026-03-23T10:51:31.116Z | AI Calling: execute_sql_query | Args: {"query":"SELECT COUNT(*) FROM v_rekap_kegiatan_harian WHERE profil_pegawai_id = 4 AND MONTH(tanggal) = 3 AND YEAR(tanggal) = 2026"}
[FORENSIC] 2026-03-23T10:51:31.135Z | Result from execute_sql_query: {"database_result":[{"COUNT(*)":2}]}...
[AUDIT_RUNTIME] Profil ID 4 | Data Count: 4 | Data: [{"id":137,"tanggal":"2026-03-24T17:00:00.000Z","tipe_kegiatan":"DLB","nama_kegiatan":"Rapat Koordinasi Lintas Sektoral"},{"id":138,"tanggal":"2026-03-24T17:00:00.000Z","tipe_kegiatan":"DLB","nama_kegiatan":"Rapat Koordinasi Lintas Sektoral"},{"id":140,"tanggal":"2026-03-25T17:00:00.000Z","tipe_kegiatan":"DLB","nama_kegiatan":"Rapat Koordinasi Lintas Sektoral"},{"id":139,"tanggal":"2026-03-25T17:00:00.000Z","tipe_kegiatan":"DLB","nama_kegiatan":"Rapat Koordinasi Lintas Sektoral"}]
[FORENSIC] 2026-03-23T10:52:21.421Z | AI Calling: execute_sql_query | Args: {"query":"SELECT kode_tipe, deskripsi_tipe, COUNT(*) AS jumlah_kegiatan FROM v_rekap_kegiatan_harian WHERE profil_pegawai_id = 4 AND MONTH(tanggal) = 3 AND YEAR(tanggal) = 2026 GROUP BY kode_tipe, deskripsi_tipe"}
[FORENSIC] 2026-03-23T10:52:21.435Z | Result from execute_sql_query: {"database_result":[{"kode_tipe":"DLB","deskripsi_tipe":"DL Luar Bidang / Undangan Luar","jumlah_keg...
[AUDIT_RUNTIME] Profil ID 4 | Data Count: 4 | Data: [{"id":137,"tanggal":"2026-03-24T17:00:00.000Z","tipe_kegiatan":"DLB","nama_kegiatan":"Rapat Koordinasi Lintas Sektoral"},{"id":138,"tanggal":"2026-03-24T17:00:00.000Z","tipe_kegiatan":"DLB","nama_kegiatan":"Rapat Koordinasi Lintas Sektoral"},{"id":140,"tanggal":"2026-03-25T17:00:00.000Z","tipe_kegiatan":"DLB","nama_kegiatan":"Rapat Koordinasi Lintas Sektoral"},{"id":139,"tanggal":"2026-03-25T17:00:00.000Z","tipe_kegiatan":"DLB","nama_kegiatan":"Rapat Koordinasi Lintas Sektoral"}]
[FORENSIC] 2026-03-23T10:52:45.605Z | AI Calling: execute_sql_query | Args: {"query":"SELECT tanggal, keterangan FROM kegiatan_harian_pegawai WHERE profil_pegawai_id = 4 AND tipe_kegiatan = 'DLB' AND MONTH(tanggal) = 3 AND YEAR(tanggal) = 2026"}
[FORENSIC] 2026-03-23T10:52:45.710Z | Result from execute_sql_query: {"database_result":[{"tanggal":"2026-03-24T17:00:00.000Z","keterangan":"rapat TBC di bandung"},{"tan...
[AUDIT_RUNTIME] Profil ID 4 | Data Count: 4 | Data: [{"id":137,"tanggal":"2026-03-24T17:00:00.000Z","tipe_kegiatan":"DLB","nama_kegiatan":"Rapat Koordinasi Lintas Sektoral"},{"id":138,"tanggal":"2026-03-24T17:00:00.000Z","tipe_kegiatan":"DLB","nama_kegiatan":"Rapat Koordinasi Lintas Sektoral"},{"id":140,"tanggal":"2026-03-25T17:00:00.000Z","tipe_kegiatan":"DLB","nama_kegiatan":"Rapat Koordinasi Lintas Sektoral"},{"id":139,"tanggal":"2026-03-25T17:00:00.000Z","tipe_kegiatan":"DLB","nama_kegiatan":"Rapat Koordinasi Lintas Sektoral"}]
[FORENSIC] 2026-03-23T10:59:45.676Z | AI Calling: search_internet | Args: {"query":"nilai IPM Kabupaten Bogor 2024"}
[FORENSIC] 2026-03-23T10:59:47.109Z | Result from search_internet: {"internet_result":{"query_used":"nilai IPM Kabupaten Bogor 2024","sumber":"Polyglot Search (Wikiped...
[AUDIT_RUNTIME] Profil ID 4 | Data Count: 4 | Data: [{"id":137,"tanggal":"2026-03-24T17:00:00.000Z","tipe_kegiatan":"DLB","nama_kegiatan":"Rapat Koordinasi Lintas Sektoral"},{"id":138,"tanggal":"2026-03-24T17:00:00.000Z","tipe_kegiatan":"DLB","nama_kegiatan":"Rapat Koordinasi Lintas Sektoral"},{"id":140,"tanggal":"2026-03-25T17:00:00.000Z","tipe_kegiatan":"DLB","nama_kegiatan":"Rapat Koordinasi Lintas Sektoral"},{"id":139,"tanggal":"2026-03-25T17:00:00.000Z","tipe_kegiatan":"DLB","nama_kegiatan":"Rapat Koordinasi Lintas Sektoral"}]
[FORENSIC] 2026-03-23T11:00:45.191Z | AI Calling: get_pegawai_statistics | Args: {}
[FORENSIC] 2026-03-23T11:00:45.239Z | Result from get_pegawai_statistics: {"stats":{"total_pegawai":87,"active_pegawai":1,"fill_rate_percentage":1.15,"activity_breakdown":[{"...
[AUDIT_RUNTIME] Profil ID 4 | Data Count: 13 | Data: [{"id":154,"tanggal":"2026-03-10T17:00:00.000Z","tipe_kegiatan":"RLB","nama_kegiatan":"Rapat Teknis Aplikasi"},{"id":151,"tanggal":"2026-03-12T17:00:00.000Z","tipe_kegiatan":"RLB","nama_kegiatan":""},{"id":150,"tanggal":"2026-03-12T17:00:00.000Z","tipe_kegiatan":"RLB","nama_kegiatan":""},{"id":149,"tanggal":"2026-03-09T17:00:00.000Z","tipe_kegiatan":"C","nama_kegiatan":""},{"id":145,"tanggal":"2026-03-11T17:00:00.000Z","tipe_kegiatan":"RLB","nama_kegiatan":""},{"id":138,"tanggal":"2026-03-24T17:00:00.000Z","tipe_kegiatan":"DLB","nama_kegiatan":"Rapat Koordinasi Lintas Sektoral"},{"id":139,"tanggal":"2026-03-25T17:00:00.000Z","tipe_kegiatan":"DLB","nama_kegiatan":"Rapat Koordinasi Lintas Sektoral"},{"id":140,"tanggal":"2026-03-25T17:00:00.000Z","tipe_kegiatan":"DLB","nama_kegiatan":"Rapat Koordinasi Lintas Sektoral"},{"id":148,"tanggal":"2026-03-08T17:00:00.000Z","tipe_kegiatan":"C","nama_kegiatan":""},{"id":147,"tanggal":"2026-03-09T17:00:00.000Z","tipe_kegiatan":"C","nama_kegiatan":""},{"id":146,"tanggal":"2026-03-08T17:00:00.000Z","tipe_kegiatan":"C","nama_kegiatan":""},{"id":137,"tanggal":"2026-03-24T17:00:00.000Z","tipe_kegiatan":"DLB","nama_kegiatan":"Rapat Koordinasi Lintas Sektoral"},{"id":160,"tanggal":"2026-03-10T17:00:00.000Z","tipe_kegiatan":"RLB","nama_kegiatan":"Rapat Koordinasi Internal"}]
[FORENSIC] 2026-03-23T11:36:47.931Z | AI Calling: execute_sql_query | Args: {"query":"SELECT tanggal, nama_kegiatan, deskripsi_tipe FROM v_rekap_kegiatan_harian WHERE profil_pegawai_id = 4 AND instansi_id = 2 AND MONTH(tanggal) = 3 AND YEAR(tanggal) = 2026"}
[FORENSIC] 2026-03-23T11:36:48.034Z | Result from execute_sql_query: {"database_result":[{"tanggal":"2026-03-08T17:00:00.000Z","nama_kegiatan":"","deskripsi_tipe":"Cuti"...
[AUDIT_RUNTIME] Profil ID 4 | Data Count: 13 | Data: [{"id":154,"tanggal":"2026-03-10T17:00:00.000Z","tipe_kegiatan":"RLB","nama_kegiatan":"Rapat Teknis Aplikasi"},{"id":151,"tanggal":"2026-03-12T17:00:00.000Z","tipe_kegiatan":"RLB","nama_kegiatan":""},{"id":150,"tanggal":"2026-03-12T17:00:00.000Z","tipe_kegiatan":"RLB","nama_kegiatan":""},{"id":149,"tanggal":"2026-03-09T17:00:00.000Z","tipe_kegiatan":"C","nama_kegiatan":""},{"id":145,"tanggal":"2026-03-11T17:00:00.000Z","tipe_kegiatan":"RLB","nama_kegiatan":""},{"id":138,"tanggal":"2026-03-24T17:00:00.000Z","tipe_kegiatan":"DLB","nama_kegiatan":"Rapat Koordinasi Lintas Sektoral"},{"id":139,"tanggal":"2026-03-25T17:00:00.000Z","tipe_kegiatan":"DLB","nama_kegiatan":"Rapat Koordinasi Lintas Sektoral"},{"id":140,"tanggal":"2026-03-25T17:00:00.000Z","tipe_kegiatan":"DLB","nama_kegiatan":"Rapat Koordinasi Lintas Sektoral"},{"id":148,"tanggal":"2026-03-08T17:00:00.000Z","tipe_kegiatan":"C","nama_kegiatan":""},{"id":147,"tanggal":"2026-03-09T17:00:00.000Z","tipe_kegiatan":"C","nama_kegiatan":""},{"id":146,"tanggal":"2026-03-08T17:00:00.000Z","tipe_kegiatan":"C","nama_kegiatan":""},{"id":137,"tanggal":"2026-03-24T17:00:00.000Z","tipe_kegiatan":"DLB","nama_kegiatan":"Rapat Koordinasi Lintas Sektoral"},{"id":160,"tanggal":"2026-03-10T17:00:00.000Z","tipe_kegiatan":"RLB","nama_kegiatan":"Rapat Koordinasi Internal"}]
[AUDIT_RUNTIME] Profil ID 4 | Data Count: 13 | Data: [{"id":154,"tanggal":"2026-03-10T17:00:00.000Z","tipe_kegiatan":"RLB","nama_kegiatan":"Rapat Teknis Aplikasi"},{"id":151,"tanggal":"2026-03-12T17:00:00.000Z","tipe_kegiatan":"RLB","nama_kegiatan":""},{"id":150,"tanggal":"2026-03-12T17:00:00.000Z","tipe_kegiatan":"RLB","nama_kegiatan":""},{"id":149,"tanggal":"2026-03-09T17:00:00.000Z","tipe_kegiatan":"C","nama_kegiatan":""},{"id":145,"tanggal":"2026-03-11T17:00:00.000Z","tipe_kegiatan":"RLB","nama_kegiatan":""},{"id":138,"tanggal":"2026-03-24T17:00:00.000Z","tipe_kegiatan":"DLB","nama_kegiatan":"Rapat Koordinasi Lintas Sektoral"},{"id":139,"tanggal":"2026-03-25T17:00:00.000Z","tipe_kegiatan":"DLB","nama_kegiatan":"Rapat Koordinasi Lintas Sektoral"},{"id":140,"tanggal":"2026-03-25T17:00:00.000Z","tipe_kegiatan":"DLB","nama_kegiatan":"Rapat Koordinasi Lintas Sektoral"},{"id":148,"tanggal":"2026-03-08T17:00:00.000Z","tipe_kegiatan":"C","nama_kegiatan":""},{"id":147,"tanggal":"2026-03-09T17:00:00.000Z","tipe_kegiatan":"C","nama_kegiatan":""},{"id":146,"tanggal":"2026-03-08T17:00:00.000Z","tipe_kegiatan":"C","nama_kegiatan":""},{"id":137,"tanggal":"2026-03-24T17:00:00.000Z","tipe_kegiatan":"DLB","nama_kegiatan":"Rapat Koordinasi Lintas Sektoral"},{"id":160,"tanggal":"2026-03-10T17:00:00.000Z","tipe_kegiatan":"RLB","nama_kegiatan":"Rapat Koordinasi Internal"}]
[AUDIT_RUNTIME] Profil ID 4 | Data Count: 13 | Data: [{"id":154,"tanggal":"2026-03-10T17:00:00.000Z","tipe_kegiatan":"RLB","nama_kegiatan":"Rapat Teknis Aplikasi"},{"id":151,"tanggal":"2026-03-12T17:00:00.000Z","tipe_kegiatan":"RLB","nama_kegiatan":""},{"id":150,"tanggal":"2026-03-12T17:00:00.000Z","tipe_kegiatan":"RLB","nama_kegiatan":""},{"id":149,"tanggal":"2026-03-09T17:00:00.000Z","tipe_kegiatan":"C","nama_kegiatan":""},{"id":145,"tanggal":"2026-03-11T17:00:00.000Z","tipe_kegiatan":"RLB","nama_kegiatan":""},{"id":138,"tanggal":"2026-03-24T17:00:00.000Z","tipe_kegiatan":"DLB","nama_kegiatan":"Rapat Koordinasi Lintas Sektoral"},{"id":139,"tanggal":"2026-03-25T17:00:00.000Z","tipe_kegiatan":"DLB","nama_kegiatan":"Rapat Koordinasi Lintas Sektoral"},{"id":140,"tanggal":"2026-03-25T17:00:00.000Z","tipe_kegiatan":"DLB","nama_kegiatan":"Rapat Koordinasi Lintas Sektoral"},{"id":148,"tanggal":"2026-03-08T17:00:00.000Z","tipe_kegiatan":"C","nama_kegiatan":""},{"id":147,"tanggal":"2026-03-09T17:00:00.000Z","tipe_kegiatan":"C","nama_kegiatan":""},{"id":146,"tanggal":"2026-03-08T17:00:00.000Z","tipe_kegiatan":"C","nama_kegiatan":""},{"id":137,"tanggal":"2026-03-24T17:00:00.000Z","tipe_kegiatan":"DLB","nama_kegiatan":"Rapat Koordinasi Lintas Sektoral"},{"id":160,"tanggal":"2026-03-10T17:00:00.000Z","tipe_kegiatan":"RLB","nama_kegiatan":"Rapat Koordinasi Internal"}]
[FORENSIC] 2026-03-23T11:39:43.173Z | AI Calling: execute_sql_query | Args: {"query":"SELECT tanggal, sesi, tipe_kegiatan, keterangan, nama_kegiatan FROM kegiatan_harian_pegawai WHERE profil_pegawai_id = 4 AND tanggal = '2026-03-26' ORDER BY tanggal, sesi"}
[FORENSIC] 2026-03-23T11:39:43.184Z | Result from execute_sql_query: {"database_result":[{"tanggal":"2026-03-25T17:00:00.000Z","sesi":"Pagi","tipe_kegiatan":"DLB","keter...
[AUDIT_RUNTIME] Profil ID 4 | Data Count: 13 | Data: [{"id":154,"tanggal":"2026-03-10T17:00:00.000Z","tipe_kegiatan":"RLB","nama_kegiatan":"Rapat Teknis Aplikasi"},{"id":151,"tanggal":"2026-03-12T17:00:00.000Z","tipe_kegiatan":"RLB","nama_kegiatan":""},{"id":150,"tanggal":"2026-03-12T17:00:00.000Z","tipe_kegiatan":"RLB","nama_kegiatan":""},{"id":149,"tanggal":"2026-03-09T17:00:00.000Z","tipe_kegiatan":"C","nama_kegiatan":""},{"id":145,"tanggal":"2026-03-11T17:00:00.000Z","tipe_kegiatan":"RLB","nama_kegiatan":""},{"id":138,"tanggal":"2026-03-24T17:00:00.000Z","tipe_kegiatan":"DLB","nama_kegiatan":"Rapat Koordinasi Lintas Sektoral"},{"id":139,"tanggal":"2026-03-25T17:00:00.000Z","tipe_kegiatan":"DLB","nama_kegiatan":"Rapat Koordinasi Lintas Sektoral"},{"id":140,"tanggal":"2026-03-25T17:00:00.000Z","tipe_kegiatan":"DLB","nama_kegiatan":"Rapat Koordinasi Lintas Sektoral"},{"id":148,"tanggal":"2026-03-08T17:00:00.000Z","tipe_kegiatan":"C","nama_kegiatan":""},{"id":147,"tanggal":"2026-03-09T17:00:00.000Z","tipe_kegiatan":"C","nama_kegiatan":""},{"id":146,"tanggal":"2026-03-08T17:00:00.000Z","tipe_kegiatan":"C","nama_kegiatan":""},{"id":137,"tanggal":"2026-03-24T17:00:00.000Z","tipe_kegiatan":"DLB","nama_kegiatan":"Rapat Koordinasi Lintas Sektoral"},{"id":160,"tanggal":"2026-03-10T17:00:00.000Z","tipe_kegiatan":"RLB","nama_kegiatan":"Rapat Koordinasi Internal"}]
[FORENSIC] 2026-03-23T11:40:37.690Z | AI Calling: execute_sql_query | Args: {"query":"SELECT nama_kegiatan, deskripsi_tipe, sesi FROM v_rekap_kegiatan_harian WHERE profil_pegawai_id = 4 AND tanggal = '2026-03-26'"}
[FORENSIC] 2026-03-23T11:40:37.717Z | Result from execute_sql_query: {"database_result":[{"nama_kegiatan":"Rapat Koordinasi Lintas Sektoral","deskripsi_tipe":"DL Luar Bi...
[AUDIT_RUNTIME] Profil ID 4 | Data Count: 13 | Data: [{"id":154,"tanggal":"2026-03-10T17:00:00.000Z","tipe_kegiatan":"RLB","nama_kegiatan":"Rapat Teknis Aplikasi"},{"id":151,"tanggal":"2026-03-12T17:00:00.000Z","tipe_kegiatan":"RLB","nama_kegiatan":""},{"id":150,"tanggal":"2026-03-12T17:00:00.000Z","tipe_kegiatan":"RLB","nama_kegiatan":""},{"id":149,"tanggal":"2026-03-09T17:00:00.000Z","tipe_kegiatan":"C","nama_kegiatan":""},{"id":145,"tanggal":"2026-03-11T17:00:00.000Z","tipe_kegiatan":"RLB","nama_kegiatan":""},{"id":138,"tanggal":"2026-03-24T17:00:00.000Z","tipe_kegiatan":"DLB","nama_kegiatan":"Rapat Koordinasi Lintas Sektoral"},{"id":139,"tanggal":"2026-03-25T17:00:00.000Z","tipe_kegiatan":"DLB","nama_kegiatan":"Rapat Koordinasi Lintas Sektoral"},{"id":140,"tanggal":"2026-03-25T17:00:00.000Z","tipe_kegiatan":"DLB","nama_kegiatan":"Rapat Koordinasi Lintas Sektoral"},{"id":148,"tanggal":"2026-03-08T17:00:00.000Z","tipe_kegiatan":"C","nama_kegiatan":""},{"id":147,"tanggal":"2026-03-09T17:00:00.000Z","tipe_kegiatan":"C","nama_kegiatan":""},{"id":146,"tanggal":"2026-03-08T17:00:00.000Z","tipe_kegiatan":"C","nama_kegiatan":""},{"id":137,"tanggal":"2026-03-24T17:00:00.000Z","tipe_kegiatan":"DLB","nama_kegiatan":"Rapat Koordinasi Lintas Sektoral"},{"id":160,"tanggal":"2026-03-10T17:00:00.000Z","tipe_kegiatan":"RLB","nama_kegiatan":"Rapat Koordinasi Internal"}]
[FORENSIC] 2026-03-23T11:44:01.515Z | AI Calling: execute_sql_query | Args: {"query":"SELECT tanggal, sesi, deskripsi_tipe, nama_kegiatan, keterangan FROM v_rekap_kegiatan_harian WHERE profil_pegawai_id = 4 AND tanggal = '2026-03-23'"}
[FORENSIC] 2026-03-23T11:44:01.635Z | Result from execute_sql_query: {"database_result":[]}...
[AUDIT_RUNTIME] Profil ID 49 | Data Count: 0 | Data: []
[FORENSIC] 2026-03-24T12:34:33.592Z | AI Calling: execute_sql_query | Args: {"query":"SELECT id FROM master_instansi_daerah WHERE instansi = 'Dinas Pendidikan'"}
[FORENSIC] 2026-03-24T12:34:33.752Z | Result from execute_sql_query: {"database_result":[{"id":18}]}...
[FORENSIC] 2026-03-24T12:34:36.776Z | AI Calling: execute_sql_query | Args: {"query":"SELECT COUNT(DISTINCT program_id) FROM mapping_program_instansi WHERE instansi_id = 18"}
[FORENSIC] 2026-03-24T12:34:36.789Z | Result from execute_sql_query: {"database_result":[{"COUNT(DISTINCT program_id)":0}]}...
[AUDIT_RUNTIME] Profil ID 49 | Data Count: 0 | Data: []
[FORENSIC] 2026-03-24T12:35:07.766Z | AI Calling: execute_sql_query | Args: {"query":"SELECT id FROM master_instansi_daerah WHERE singkatan = 'Disdik'"}
[FORENSIC] 2026-03-24T12:35:07.774Z | Result from execute_sql_query: {"database_result":[{"id":18}]}...
[FORENSIC] 2026-03-24T12:35:09.201Z | AI Calling: execute_sql_query | Args: {"query":"SELECT mu.urusan FROM mapping_urusan_instansi mui JOIN master_urusan mu ON mui.urusan_id = mu.id WHERE mui.instansi_id = 18"}
[FORENSIC] 2026-03-24T12:35:09.233Z | Result from execute_sql_query: {"database_result":[]}...
[FORENSIC] 2026-03-24T12:35:16.666Z | AI Calling: execute_sql_query | Args: {"query":"SELECT id, urusan FROM master_urusan WHERE urusan LIKE '%Pendidikan%'"}
[FORENSIC] 2026-03-24T12:35:16.676Z | Result from execute_sql_query: {"database_result":[]}...
[FORENSIC] 2026-03-24T12:35:19.339Z | AI Calling: execute_sql_query | Args: {"query":"SELECT urusan FROM master_urusan"}
[FORENSIC] 2026-03-24T12:35:19.348Z | Result from execute_sql_query: {"database_result":[{"urusan":"UNSUR PENGAWASAN URUSAN\nPEMERINTAHAN"},{"urusan":"UNSUR PENUNJANG UR...
[AUDIT_RUNTIME] Profil ID 2 | Data Count: 0 | Data: []
[FORENSIC] 2026-03-24T17:01:32.863Z | AI Calling: execute_sql_query | Args: {"query":"SELECT id FROM master_jabatan WHERE jabatan = 'Kepala'"}
[FORENSIC] 2026-03-24T17:01:32.876Z | Result from execute_sql_query: {"database_result":[{"id":8}]}...
[FORENSIC] 2026-03-24T17:01:34.541Z | AI Calling: execute_sql_query | Args: {"query":"SELECT id FROM master_instansi_daerah WHERE instansi = 'Badan Perencanaan Pembangunan dan Riset Daerah (Bapperida)'"}
[FORENSIC] 2026-03-24T17:01:34.551Z | Result from execute_sql_query: {"database_result":[]}...
[FORENSIC] 2026-03-24T17:01:36.620Z | AI Calling: execute_sql_query | Args: {"query":"SELECT id, instansi FROM master_instansi_daerah WHERE instansi LIKE '%Bapperida%'"}
[FORENSIC] 2026-03-24T17:01:36.631Z | Result from execute_sql_query: {"database_result":[]}...
[FORENSIC] 2026-03-24T17:01:40.607Z | AI Calling: execute_sql_query | Args: {"query":"SELECT id, instansi FROM master_instansi_daerah WHERE instansi LIKE '%Perencanaan Pembangunan%'"}
[FORENSIC] 2026-03-24T17:01:40.617Z | Result from execute_sql_query: {"database_result":[{"id":2,"instansi":"Badan Perencanaan Pembangunan dan Riset Daerah"}]}...
[AUDIT_RUNTIME] Profil ID 49 | Data Count: 0 | Data: []
[AUDIT_RUNTIME] Profil ID 4 | Data Count: 13 | Data: [{"id":154,"tanggal":"2026-03-10T17:00:00.000Z","tipe_kegiatan":"RLB","nama_kegiatan":"Rapat Teknis Aplikasi"},{"id":151,"tanggal":"2026-03-12T17:00:00.000Z","tipe_kegiatan":"RLB","nama_kegiatan":""},{"id":150,"tanggal":"2026-03-12T17:00:00.000Z","tipe_kegiatan":"RLB","nama_kegiatan":""},{"id":149,"tanggal":"2026-03-09T17:00:00.000Z","tipe_kegiatan":"C","nama_kegiatan":""},{"id":145,"tanggal":"2026-03-11T17:00:00.000Z","tipe_kegiatan":"RLB","nama_kegiatan":""},{"id":138,"tanggal":"2026-03-24T17:00:00.000Z","tipe_kegiatan":"DLB","nama_kegiatan":"Rapat Koordinasi Lintas Sektoral"},{"id":139,"tanggal":"2026-03-25T17:00:00.000Z","tipe_kegiatan":"DLB","nama_kegiatan":"Rapat Koordinasi Lintas Sektoral"},{"id":140,"tanggal":"2026-03-25T17:00:00.000Z","tipe_kegiatan":"DLB","nama_kegiatan":"Rapat Koordinasi Lintas Sektoral"},{"id":148,"tanggal":"2026-03-08T17:00:00.000Z","tipe_kegiatan":"C","nama_kegiatan":""},{"id":147,"tanggal":"2026-03-09T17:00:00.000Z","tipe_kegiatan":"C","nama_kegiatan":""},{"id":146,"tanggal":"2026-03-08T17:00:00.000Z","tipe_kegiatan":"C","nama_kegiatan":""},{"id":137,"tanggal":"2026-03-24T17:00:00.000Z","tipe_kegiatan":"DLB","nama_kegiatan":"Rapat Koordinasi Lintas Sektoral"},{"id":160,"tanggal":"2026-03-10T17:00:00.000Z","tipe_kegiatan":"RLB","nama_kegiatan":"Rapat Koordinasi Internal"}]
[AUDIT_RUNTIME] Profil ID 4 | Data Count: 13 | Data: [{"id":154,"tanggal":"2026-03-10T17:00:00.000Z","tipe_kegiatan":"RLB","nama_kegiatan":"Rapat Teknis Aplikasi"},{"id":151,"tanggal":"2026-03-12T17:00:00.000Z","tipe_kegiatan":"RLB","nama_kegiatan":""},{"id":150,"tanggal":"2026-03-12T17:00:00.000Z","tipe_kegiatan":"RLB","nama_kegiatan":""},{"id":149,"tanggal":"2026-03-09T17:00:00.000Z","tipe_kegiatan":"C","nama_kegiatan":""},{"id":145,"tanggal":"2026-03-11T17:00:00.000Z","tipe_kegiatan":"RLB","nama_kegiatan":""},{"id":138,"tanggal":"2026-03-24T17:00:00.000Z","tipe_kegiatan":"DLB","nama_kegiatan":"Rapat Koordinasi Lintas Sektoral"},{"id":139,"tanggal":"2026-03-25T17:00:00.000Z","tipe_kegiatan":"DLB","nama_kegiatan":"Rapat Koordinasi Lintas Sektoral"},{"id":140,"tanggal":"2026-03-25T17:00:00.000Z","tipe_kegiatan":"DLB","nama_kegiatan":"Rapat Koordinasi Lintas Sektoral"},{"id":148,"tanggal":"2026-03-08T17:00:00.000Z","tipe_kegiatan":"C","nama_kegiatan":""},{"id":147,"tanggal":"2026-03-09T17:00:00.000Z","tipe_kegiatan":"C","nama_kegiatan":""},{"id":146,"tanggal":"2026-03-08T17:00:00.000Z","tipe_kegiatan":"C","nama_kegiatan":""},{"id":137,"tanggal":"2026-03-24T17:00:00.000Z","tipe_kegiatan":"DLB","nama_kegiatan":"Rapat Koordinasi Lintas Sektoral"},{"id":160,"tanggal":"2026-03-10T17:00:00.000Z","tipe_kegiatan":"RLB","nama_kegiatan":"Rapat Koordinasi Internal"}]
[AUDIT_RUNTIME] Profil ID 4 | Data Count: 13 | Data: [{"id":154,"tanggal":"2026-03-10T17:00:00.000Z","tipe_kegiatan":"RLB","nama_kegiatan":"Rapat Teknis Aplikasi"},{"id":151,"tanggal":"2026-03-12T17:00:00.000Z","tipe_kegiatan":"RLB","nama_kegiatan":""},{"id":150,"tanggal":"2026-03-12T17:00:00.000Z","tipe_kegiatan":"RLB","nama_kegiatan":""},{"id":149,"tanggal":"2026-03-09T17:00:00.000Z","tipe_kegiatan":"C","nama_kegiatan":""},{"id":145,"tanggal":"2026-03-11T17:00:00.000Z","tipe_kegiatan":"RLB","nama_kegiatan":""},{"id":138,"tanggal":"2026-03-24T17:00:00.000Z","tipe_kegiatan":"DLB","nama_kegiatan":"Rapat Koordinasi Lintas Sektoral"},{"id":139,"tanggal":"2026-03-25T17:00:00.000Z","tipe_kegiatan":"DLB","nama_kegiatan":"Rapat Koordinasi Lintas Sektoral"},{"id":140,"tanggal":"2026-03-25T17:00:00.000Z","tipe_kegiatan":"DLB","nama_kegiatan":"Rapat Koordinasi Lintas Sektoral"},{"id":148,"tanggal":"2026-03-08T17:00:00.000Z","tipe_kegiatan":"C","nama_kegiatan":""},{"id":147,"tanggal":"2026-03-09T17:00:00.000Z","tipe_kegiatan":"C","nama_kegiatan":""},{"id":146,"tanggal":"2026-03-08T17:00:00.000Z","tipe_kegiatan":"C","nama_kegiatan":""},{"id":137,"tanggal":"2026-03-24T17:00:00.000Z","tipe_kegiatan":"DLB","nama_kegiatan":"Rapat Koordinasi Lintas Sektoral"},{"id":160,"tanggal":"2026-03-10T17:00:00.000Z","tipe_kegiatan":"RLB","nama_kegiatan":"Rapat Koordinasi Internal"}]
[AUDIT_RUNTIME] Profil ID 4 | Data Count: 13 | Data: [{"id":154,"tanggal":"2026-03-10T17:00:00.000Z","tipe_kegiatan":"RLB","nama_kegiatan":"Rapat Teknis Aplikasi"},{"id":151,"tanggal":"2026-03-12T17:00:00.000Z","tipe_kegiatan":"RLB","nama_kegiatan":""},{"id":150,"tanggal":"2026-03-12T17:00:00.000Z","tipe_kegiatan":"RLB","nama_kegiatan":""},{"id":149,"tanggal":"2026-03-09T17:00:00.000Z","tipe_kegiatan":"C","nama_kegiatan":""},{"id":145,"tanggal":"2026-03-11T17:00:00.000Z","tipe_kegiatan":"RLB","nama_kegiatan":""},{"id":138,"tanggal":"2026-03-24T17:00:00.000Z","tipe_kegiatan":"DLB","nama_kegiatan":"Rapat Koordinasi Lintas Sektoral"},{"id":139,"tanggal":"2026-03-25T17:00:00.000Z","tipe_kegiatan":"DLB","nama_kegiatan":"Rapat Koordinasi Lintas Sektoral"},{"id":140,"tanggal":"2026-03-25T17:00:00.000Z","tipe_kegiatan":"DLB","nama_kegiatan":"Rapat Koordinasi Lintas Sektoral"},{"id":148,"tanggal":"2026-03-08T17:00:00.000Z","tipe_kegiatan":"C","nama_kegiatan":""},{"id":147,"tanggal":"2026-03-09T17:00:00.000Z","tipe_kegiatan":"C","nama_kegiatan":""},{"id":146,"tanggal":"2026-03-08T17:00:00.000Z","tipe_kegiatan":"C","nama_kegiatan":""},{"id":137,"tanggal":"2026-03-24T17:00:00.000Z","tipe_kegiatan":"DLB","nama_kegiatan":"Rapat Koordinasi Lintas Sektoral"},{"id":160,"tanggal":"2026-03-10T17:00:00.000Z","tipe_kegiatan":"RLB","nama_kegiatan":"Rapat Koordinasi Internal"}]
[AUDIT_RUNTIME] Profil ID 4 | Data Count: 13 | Data: [{"id":154,"tanggal":"2026-03-10T17:00:00.000Z","tipe_kegiatan":"RLB","nama_kegiatan":"Rapat Teknis Aplikasi"},{"id":151,"tanggal":"2026-03-12T17:00:00.000Z","tipe_kegiatan":"RLB","nama_kegiatan":""},{"id":150,"tanggal":"2026-03-12T17:00:00.000Z","tipe_kegiatan":"RLB","nama_kegiatan":""},{"id":149,"tanggal":"2026-03-09T17:00:00.000Z","tipe_kegiatan":"C","nama_kegiatan":""},{"id":145,"tanggal":"2026-03-11T17:00:00.000Z","tipe_kegiatan":"RLB","nama_kegiatan":""},{"id":138,"tanggal":"2026-03-24T17:00:00.000Z","tipe_kegiatan":"DLB","nama_kegiatan":"Rapat Koordinasi Lintas Sektoral"},{"id":139,"tanggal":"2026-03-25T17:00:00.000Z","tipe_kegiatan":"DLB","nama_kegiatan":"Rapat Koordinasi Lintas Sektoral"},{"id":140,"tanggal":"2026-03-25T17:00:00.000Z","tipe_kegiatan":"DLB","nama_kegiatan":"Rapat Koordinasi Lintas Sektoral"},{"id":148,"tanggal":"2026-03-08T17:00:00.000Z","tipe_kegiatan":"C","nama_kegiatan":""},{"id":147,"tanggal":"2026-03-09T17:00:00.000Z","tipe_kegiatan":"C","nama_kegiatan":""},{"id":146,"tanggal":"2026-03-08T17:00:00.000Z","tipe_kegiatan":"C","nama_kegiatan":""},{"id":137,"tanggal":"2026-03-24T17:00:00.000Z","tipe_kegiatan":"DLB","nama_kegiatan":"Rapat Koordinasi Lintas Sektoral"},{"id":160,"tanggal":"2026-03-10T17:00:00.000Z","tipe_kegiatan":"RLB","nama_kegiatan":"Rapat Koordinasi Internal"}]
[FORENSIC] 2026-03-25T08:50:12.124Z | AI Calling: generate_chart | Args: {"type":"line","title":"Perbandingan IPM dan Kemiskinan Kabupaten Bogor","series":"[{\"name\":\"IPM (Poin)\",\"data\":[{\"label\":\"2017\",\"value\":69.13},{\"label\":\"2018\",\"value\":69.69},{\"label\":\"2019\",\"value\":70.65},{\"label\":\"2020\",\"value\":71.63},{\"label\":\"2021\",\"value\":71.83},{\"label\":\"2022\",\"value\":72.45},{\"label\":\"2023\",\"value\":73.02},{\"label\":\"2024\",\"value\":73.63}]},{\"name\":\"Kemiskinan (%)\",\"data\":[{\"label\":\"2017\",\"value\":8.57},{\"label\":\"2018\",\"value\":7.14},{\"label\":\"2019\",\"value\":6.66},{\"label\":\"2020\",\"value\":7.69},{\"label\":\"2021\",\"value\":8.13},{\"label\":\"2022\",\"value\":7.73},{\"label\":\"2023\",\"value\":7.27},{\"label\":\"2024\",\"value\":7.05},{\"label\":\"2025\",\"value\":6.26}]}]"}
[FORENSIC] 2026-03-25T08:50:12.134Z | Result from generate_chart: {"success":true,"message":"Grafik berhasil dibuat dan akan ditampilkan di bawah pesan Anda secara ot...
